#
# There is insufficient memory for the Java Runtime Environment to continue.
# Native memory allocation (mmap) failed to map 65536 bytes for Failed to commit metaspace.
# Possible reasons:
#   The system is out of physical RAM or swap space
#   The process is running with CompressedOops enabled, and the Java Heap may be blocking the growth of the native heap
# Possible solutions:
#   Reduce memory load on the system
#   Increase physical memory or swap space
#   Check if swap backing store is full
#   Decrease Java heap size (-Xmx/-Xms)
#   Decrease number of Java threads
#   Decrease Java thread stack sizes (-Xss)
#   Set larger code cache with -XX:ReservedCodeCacheSize=
#   JVM is running with Unscaled Compressed Oops mode in which the Java heap is
#     placed in the first 4GB address space. The Java Heap base address is the
#     maximum limit for the native heap growth. Please use -XX:HeapBaseMinAddress
#     to set the Java Heap base and to place the Java Heap above 4GB virtual address.
# This output file may be truncated or incomplete.
#
#  Out of Memory Error (virtualSpaceNode.cpp:110), pid=11088, tid=5732
#
# JRE version: OpenJDK Runtime Environment (17.0.6) (build 17.0.6+0-b2043.56-10027231)
# Java VM: OpenJDK 64-Bit Server VM (17.0.6+0-b2043.56-10027231, mixed mode, tiered, compressed oops, compressed class ptrs, g1 gc, windows-amd64)
# No core dump will be written. Minidumps are not enabled by default on client versions of Windows
#

---------------  S U M M A R Y ------------

Command Line: org.jetbrains.kotlin.cli.jvm.K2JVMCompiler @C:\Users\Crystal\AndroidStudioProjects\PlacesFamilyApp\app\build\20231119_11389341129904145246.compiler.options

Host: Intel(R) Core(TM) i3-10110U CPU @ 2.10GHz, 4 cores, 3G,  Windows 11 , 64 bit Build 22621 (10.0.22621.2506)
Time: Sun Nov 19 16:00:07 2023 W. Europe Standard Time elapsed time: 5.135122 seconds (0d 0h 0m 5s)

---------------  T H R E A D  ---------------

Current thread (0x000001765aa981a0):  JavaThread "main" [_thread_in_vm, id=5732, stack(0x000000194b200000,0x000000194b300000)]

Stack: [0x000000194b200000,0x000000194b300000]
Native frames: (J=compiled Java code, j=interpreted, Vv=VM code, C=native code)
V  [jvm.dll+0x683c9a]
V  [jvm.dll+0x8427a4]
V  [jvm.dll+0x843f9e]
V  [jvm.dll+0x844603]
V  [jvm.dll+0x249b75]
V  [jvm.dll+0x83e7fb]
V  [jvm.dll+0x628006]
V  [jvm.dll+0x1c194e]
V  [jvm.dll+0x62a941]
V  [jvm.dll+0x6289a6]
V  [jvm.dll+0x6327d7]
V  [jvm.dll+0x1eda2b]
V  [jvm.dll+0x1edf65]
V  [jvm.dll+0x1ee884]
V  [jvm.dll+0x1e3dcc]
V  [jvm.dll+0x547fed]
V  [jvm.dll+0x7bd3d5]
V  [jvm.dll+0x7bd4ee]
V  [jvm.dll+0x41182a]
V  [jvm.dll+0x4179a9]
C  [java.dll+0x17ec]

Java frames: (J=compiled Java code, j=interpreted, Vv=VM code)
J 510  java.lang.ClassLoader.defineClass1(Ljava/lang/ClassLoader;Ljava/lang/String;[BIILjava/security/ProtectionDomain;Ljava/lang/String;)Ljava/lang/Class; java.base@17.0.6 (0 bytes) @ 0x0000017665a4f6db [0x0000017665a4f620+0x00000000000000bb]
J 506 c1 java.lang.ClassLoader.defineClass(Ljava/lang/String;[BIILjava/security/ProtectionDomain;)Ljava/lang/Class; java.base@17.0.6 (43 bytes) @ 0x000001765e04f344 [0x000001765e04f000+0x0000000000000344]
J 461 c1 java.security.SecureClassLoader.defineClass(Ljava/lang/String;[BIILjava/security/CodeSource;)Ljava/lang/Class; java.base@17.0.6 (16 bytes) @ 0x000001765e03000c [0x000001765e02ff40+0x00000000000000cc]
J 458 c1 jdk.internal.loader.BuiltinClassLoader.defineClass(Ljava/lang/String;Ljdk/internal/loader/Resource;)Ljava/lang/Class; java.base@17.0.6 (121 bytes) @ 0x000001765e02e12c [0x000001765e02cea0+0x000000000000128c]
J 354 c1 jdk.internal.loader.BuiltinClassLoader.findClassOnClassPathOrNull(Ljava/lang/String;)Ljava/lang/Class; java.base@17.0.6 (64 bytes) @ 0x000001765dfe71fc [0x000001765dfe6180+0x000000000000107c]
J 219 c1 jdk.internal.loader.BuiltinClassLoader.loadClassOrNull(Ljava/lang/String;Z)Ljava/lang/Class; java.base@17.0.6 (143 bytes) @ 0x000001765dfab984 [0x000001765dfaaac0+0x0000000000000ec4]
J 309 c1 jdk.internal.loader.ClassLoaders$AppClassLoader.loadClass(Ljava/lang/String;Z)Ljava/lang/Class; java.base@17.0.6 (40 bytes) @ 0x000001765dfc9e74 [0x000001765dfc9860+0x0000000000000614]
J 308 c1 java.lang.ClassLoader.loadClass(Ljava/lang/String;)Ljava/lang/Class; java.base@17.0.6 (7 bytes) @ 0x000001765dfc94bc [0x000001765dfc93c0+0x00000000000000fc]
v  ~StubRoutines::call_stub
j  org.jetbrains.kotlin.backend.jvm.JvmLowerKt.<clinit>()V+83
v  ~StubRoutines::call_stub
j  org.jetbrains.kotlin.backend.jvm.JvmPhasesKt.getJvmPhases()Lorg/jetbrains/kotlin/backend/common/phaser/NamedCompilerPhase;+0
j  org.jetbrains.kotlin.cli.jvm.K2JVMCompiler.doExecute(Lorg/jetbrains/kotlin/cli/common/arguments/K2JVMCompilerArguments;Lorg/jetbrains/kotlin/config/CompilerConfiguration;Lorg/jetbrains/kotlin/com/intellij/openapi/Disposable;Lorg/jetbrains/kotlin/utils/KotlinPaths;)Lorg/jetbrains/kotlin/cli/common/ExitCode;+63
j  org.jetbrains.kotlin.cli.jvm.K2JVMCompiler.doExecute(Lorg/jetbrains/kotlin/cli/common/arguments/CommonCompilerArguments;Lorg/jetbrains/kotlin/config/CompilerConfiguration;Lorg/jetbrains/kotlin/com/intellij/openapi/Disposable;Lorg/jetbrains/kotlin/utils/KotlinPaths;)Lorg/jetbrains/kotlin/cli/common/ExitCode;+9
j  org.jetbrains.kotlin.cli.common.CLICompiler.execImpl(Lorg/jetbrains/kotlin/cli/common/messages/MessageCollector;Lorg/jetbrains/kotlin/config/Services;Lorg/jetbrains/kotlin/cli/common/arguments/CommonCompilerArguments;)Lorg/jetbrains/kotlin/cli/common/ExitCode;+219
j  org.jetbrains.kotlin.cli.common.CLICompiler.execImpl(Lorg/jetbrains/kotlin/cli/common/messages/MessageCollector;Lorg/jetbrains/kotlin/config/Services;Lorg/jetbrains/kotlin/cli/common/arguments/CommonToolArguments;)Lorg/jetbrains/kotlin/cli/common/ExitCode;+7
j  org.jetbrains.kotlin.cli.common.CLITool.exec(Lorg/jetbrains/kotlin/cli/common/messages/MessageCollector;Lorg/jetbrains/kotlin/config/Services;Lorg/jetbrains/kotlin/cli/common/arguments/CommonToolArguments;)Lorg/jetbrains/kotlin/cli/common/ExitCode;+76
j  org.jetbrains.kotlin.cli.common.CLITool.exec(Ljava/io/PrintStream;Lorg/jetbrains/kotlin/config/Services;Lorg/jetbrains/kotlin/cli/common/messages/MessageRenderer;[Ljava/lang/String;)Lorg/jetbrains/kotlin/cli/common/ExitCode;+224
j  org.jetbrains.kotlin.cli.common.CLITool.exec(Ljava/io/PrintStream;Lorg/jetbrains/kotlin/cli/common/messages/MessageRenderer;[Ljava/lang/String;)Lorg/jetbrains/kotlin/cli/common/ExitCode;+25
j  org.jetbrains.kotlin.cli.common.CLITool$Companion.doMainNoExit(Lorg/jetbrains/kotlin/cli/common/CLITool;[Ljava/lang/String;Lorg/jetbrains/kotlin/cli/common/messages/MessageRenderer;)Lorg/jetbrains/kotlin/cli/common/ExitCode;+39
j  org.jetbrains.kotlin.cli.common.CLITool$Companion.doMainNoExit$default(Lorg/jetbrains/kotlin/cli/common/CLITool$Companion;Lorg/jetbrains/kotlin/cli/common/CLITool;[Ljava/lang/String;Lorg/jetbrains/kotlin/cli/common/messages/MessageRenderer;ILjava/lang/Object;)Lorg/jetbrains/kotlin/cli/common/ExitCode;+16
j  org.jetbrains.kotlin.cli.common.CLITool$Companion.doMain(Lorg/jetbrains/kotlin/cli/common/CLITool;[Ljava/lang/String;)V+57
j  org.jetbrains.kotlin.cli.jvm.K2JVMCompiler$Companion.main([Ljava/lang/String;)V+20
j  org.jetbrains.kotlin.cli.jvm.K2JVMCompiler.main([Ljava/lang/String;)V+4
v  ~StubRoutines::call_stub

---------------  P R O C E S S  ---------------

Threads class SMR info:
_java_thread_list=0x00000176725101f0, length=12, elements={
0x000001765aa981a0, 0x0000017671838c40, 0x000001767183b9d0, 0x0000017671888a30,
0x000001767188a750, 0x000001767188d110, 0x000001767188dac0, 0x00000176718ab140,
0x00000176718abbe0, 0x00000176718ba620, 0x000001767253cad0, 0x000001767254e010
}

Java Threads: ( => current thread )
=>0x000001765aa981a0 JavaThread "main" [_thread_in_vm, id=5732, stack(0x000000194b200000,0x000000194b300000)]
  0x0000017671838c40 JavaThread "Reference Handler" daemon [_thread_blocked, id=7916, stack(0x000000194b900000,0x000000194ba00000)]
  0x000001767183b9d0 JavaThread "Finalizer" daemon [_thread_blocked, id=19084, stack(0x000000194ba00000,0x000000194bb00000)]
  0x0000017671888a30 JavaThread "Signal Dispatcher" daemon [_thread_blocked, id=11364, stack(0x000000194bb00000,0x000000194bc00000)]
  0x000001767188a750 JavaThread "Attach Listener" daemon [_thread_blocked, id=13128, stack(0x000000194bc00000,0x000000194bd00000)]
  0x000001767188d110 JavaThread "Service Thread" daemon [_thread_blocked, id=16616, stack(0x000000194bd00000,0x000000194be00000)]
  0x000001767188dac0 JavaThread "Monitor Deflation Thread" daemon [_thread_blocked, id=18156, stack(0x000000194be00000,0x000000194bf00000)]
  0x00000176718ab140 JavaThread "C2 CompilerThread0" daemon [_thread_blocked, id=17924, stack(0x000000194bf00000,0x000000194c000000)]
  0x00000176718abbe0 JavaThread "C1 CompilerThread0" daemon [_thread_blocked, id=11024, stack(0x000000194c000000,0x000000194c100000)]
  0x00000176718ba620 JavaThread "Sweeper thread" daemon [_thread_blocked, id=18560, stack(0x000000194c100000,0x000000194c200000)]
  0x000001767253cad0 JavaThread "Notification Thread" daemon [_thread_blocked, id=18812, stack(0x000000194c200000,0x000000194c300000)]
  0x000001767254e010 JavaThread "Common-Cleaner" daemon [_thread_blocked, id=19864, stack(0x000000194c400000,0x000000194c500000)]

Other Threads:
  0x000001765ab5e3d0 VMThread "VM Thread" [stack: 0x000000194b800000,0x000000194b900000] [id=11260]
  0x000001765aae5a80 WatcherThread [stack: 0x000000194c300000,0x000000194c400000] [id=20948]
  0x000001765aad3ff0 GCTaskThread "GC Thread#0" [stack: 0x000000194b300000,0x000000194b400000] [id=11108]
  0x000001767298b3b0 GCTaskThread "GC Thread#1" [stack: 0x000000194c500000,0x000000194c600000] [id=19180]
  0x000001767299c1d0 GCTaskThread "GC Thread#2" [stack: 0x000000194c600000,0x000000194c700000] [id=9892]
  0x000001767299c480 GCTaskThread "GC Thread#3" [stack: 0x000000194c700000,0x000000194c800000] [id=12136]
  0x000001765aadd010 ConcurrentGCThread "G1 Main Marker" [stack: 0x000000194b400000,0x000000194b500000] [id=2456]
  0x000001765aadda20 ConcurrentGCThread "G1 Conc#0" [stack: 0x000000194b500000,0x000000194b600000] [id=20388]
  0x000001765ab23ce0 ConcurrentGCThread "G1 Refine#0" [stack: 0x000000194b600000,0x000000194b700000] [id=7456]
  0x000001765ab24710 ConcurrentGCThread "G1 Service" [stack: 0x000000194b700000,0x000000194b800000] [id=12040]

Threads with active compile tasks:

VM state: not at safepoint (normal execution)

VM Mutex/Monitor currently owned by a thread:  ([mutex/lock_event])
[0x000001765aa94470] Metaspace_lock - owner thread: 0x000001765aa981a0

Heap address: 0x00000000c3600000, size: 970 MB, Compressed Oops mode: 32-bit

CDS archive(s) not mapped
Compressed class space mapped at: 0x0000000100000000-0x0000000140000000, reserved size: 1073741824
Narrow klass base: 0x0000000000000000, Narrow klass shift: 3, Narrow klass range: 0x140000000

GC Precious Log:
 CPUs: 4 total, 4 available
 Memory: 3879M
 Large Page Support: Disabled
 NUMA Support: Disabled
 Compressed Oops: Enabled (32-bit)
 Heap Region Size: 1M
 Heap Min Capacity: 8M
 Heap Initial Capacity: 62M
 Heap Max Capacity: 970M
 Pre-touch: Disabled
 Parallel Workers: 4
 Concurrent Workers: 1
 Concurrent Refinement Workers: 4
 Periodic GC: Disabled

Heap:
 garbage-first heap   total 63488K, used 22260K [0x00000000c3600000, 0x0000000100000000)
  region size 1024K, 17 young (17408K), 2 survivors (2048K)
 Metaspace       used 18526K, committed 18688K, reserved 1073152K
  class space    used 1914K, committed 1984K, reserved 1048576K

Heap Regions: E=young(eden), S=young(survivor), O=old, HS=humongous(starts), HC=humongous(continues), CS=collection set, F=free, OA=open archive, CA=closed archive, TAMS=top-at-mark-start (previous, next)
|   0|0x00000000c3600000, 0x00000000c3700000, 0x00000000c3700000|100%|HS|  |TAMS 0x00000000c3600000, 0x00000000c3600000| Complete 
|   1|0x00000000c3700000, 0x00000000c3800000, 0x00000000c3800000|100%|HC|  |TAMS 0x00000000c3700000, 0x00000000c3700000| Complete 
|   2|0x00000000c3800000, 0x00000000c3900000, 0x00000000c3900000|100%|HC|  |TAMS 0x00000000c3800000, 0x00000000c3800000| Complete 
|   3|0x00000000c3900000, 0x00000000c3a00000, 0x00000000c3a00000|100%|HC|  |TAMS 0x00000000c3900000, 0x00000000c3900000| Complete 
|   4|0x00000000c3a00000, 0x00000000c3b00000, 0x00000000c3b00000|100%| O|  |TAMS 0x00000000c3a00000, 0x00000000c3a00000| Untracked 
|   5|0x00000000c3b00000, 0x00000000c3c00000, 0x00000000c3c00000|100%| O|  |TAMS 0x00000000c3b00000, 0x00000000c3b00000| Untracked 
|   6|0x00000000c3c00000, 0x00000000c3c0b800, 0x00000000c3d00000|  4%| O|  |TAMS 0x00000000c3c00000, 0x00000000c3c00000| Untracked 
|   7|0x00000000c3d00000, 0x00000000c3d00000, 0x00000000c3e00000|  0%| F|  |TAMS 0x00000000c3d00000, 0x00000000c3d00000| Untracked 
|   8|0x00000000c3e00000, 0x00000000c3e00000, 0x00000000c3f00000|  0%| F|  |TAMS 0x00000000c3e00000, 0x00000000c3e00000| Untracked 
|   9|0x00000000c3f00000, 0x00000000c3f00000, 0x00000000c4000000|  0%| F|  |TAMS 0x00000000c3f00000, 0x00000000c3f00000| Untracked 
|  10|0x00000000c4000000, 0x00000000c4000000, 0x00000000c4100000|  0%| F|  |TAMS 0x00000000c4000000, 0x00000000c4000000| Untracked 
|  11|0x00000000c4100000, 0x00000000c4100000, 0x00000000c4200000|  0%| F|  |TAMS 0x00000000c4100000, 0x00000000c4100000| Untracked 
|  12|0x00000000c4200000, 0x00000000c4200000, 0x00000000c4300000|  0%| F|  |TAMS 0x00000000c4200000, 0x00000000c4200000| Untracked 
|  13|0x00000000c4300000, 0x00000000c4300000, 0x00000000c4400000|  0%| F|  |TAMS 0x00000000c4300000, 0x00000000c4300000| Untracked 
|  14|0x00000000c4400000, 0x00000000c4400000, 0x00000000c4500000|  0%| F|  |TAMS 0x00000000c4400000, 0x00000000c4400000| Untracked 
|  15|0x00000000c4500000, 0x00000000c4500000, 0x00000000c4600000|  0%| F|  |TAMS 0x00000000c4500000, 0x00000000c4500000| Untracked 
|  16|0x00000000c4600000, 0x00000000c4600000, 0x00000000c4700000|  0%| F|  |TAMS 0x00000000c4600000, 0x00000000c4600000| Untracked 
|  17|0x00000000c4700000, 0x00000000c4700000, 0x00000000c4800000|  0%| F|  |TAMS 0x00000000c4700000, 0x00000000c4700000| Untracked 
|  18|0x00000000c4800000, 0x00000000c4800000, 0x00000000c4900000|  0%| F|  |TAMS 0x00000000c4800000, 0x00000000c4800000| Untracked 
|  19|0x00000000c4900000, 0x00000000c4900000, 0x00000000c4a00000|  0%| F|  |TAMS 0x00000000c4900000, 0x00000000c4900000| Untracked 
|  20|0x00000000c4a00000, 0x00000000c4a00000, 0x00000000c4b00000|  0%| F|  |TAMS 0x00000000c4a00000, 0x00000000c4a00000| Untracked 
|  21|0x00000000c4b00000, 0x00000000c4b00000, 0x00000000c4c00000|  0%| F|  |TAMS 0x00000000c4b00000, 0x00000000c4b00000| Untracked 
|  22|0x00000000c4c00000, 0x00000000c4c00000, 0x00000000c4d00000|  0%| F|  |TAMS 0x00000000c4c00000, 0x00000000c4c00000| Untracked 
|  23|0x00000000c4d00000, 0x00000000c4d00000, 0x00000000c4e00000|  0%| F|  |TAMS 0x00000000c4d00000, 0x00000000c4d00000| Untracked 
|  24|0x00000000c4e00000, 0x00000000c4e00000, 0x00000000c4f00000|  0%| F|  |TAMS 0x00000000c4e00000, 0x00000000c4e00000| Untracked 
|  25|0x00000000c4f00000, 0x00000000c4f00000, 0x00000000c5000000|  0%| F|  |TAMS 0x00000000c4f00000, 0x00000000c4f00000| Untracked 
|  26|0x00000000c5000000, 0x00000000c5000000, 0x00000000c5100000|  0%| F|  |TAMS 0x00000000c5000000, 0x00000000c5000000| Untracked 
|  27|0x00000000c5100000, 0x00000000c5100000, 0x00000000c5200000|  0%| F|  |TAMS 0x00000000c5100000, 0x00000000c5100000| Untracked 
|  28|0x00000000c5200000, 0x00000000c5200000, 0x00000000c5300000|  0%| F|  |TAMS 0x00000000c5200000, 0x00000000c5200000| Untracked 
|  29|0x00000000c5300000, 0x00000000c5300000, 0x00000000c5400000|  0%| F|  |TAMS 0x00000000c5300000, 0x00000000c5300000| Untracked 
|  30|0x00000000c5400000, 0x00000000c5400000, 0x00000000c5500000|  0%| F|  |TAMS 0x00000000c5400000, 0x00000000c5400000| Untracked 
|  31|0x00000000c5500000, 0x00000000c5500000, 0x00000000c5600000|  0%| F|  |TAMS 0x00000000c5500000, 0x00000000c5500000| Untracked 
|  32|0x00000000c5600000, 0x00000000c5600000, 0x00000000c5700000|  0%| F|  |TAMS 0x00000000c5600000, 0x00000000c5600000| Untracked 
|  33|0x00000000c5700000, 0x00000000c5700000, 0x00000000c5800000|  0%| F|  |TAMS 0x00000000c5700000, 0x00000000c5700000| Untracked 
|  34|0x00000000c5800000, 0x00000000c5800000, 0x00000000c5900000|  0%| F|  |TAMS 0x00000000c5800000, 0x00000000c5800000| Untracked 
|  35|0x00000000c5900000, 0x00000000c5900000, 0x00000000c5a00000|  0%| F|  |TAMS 0x00000000c5900000, 0x00000000c5900000| Untracked 
|  36|0x00000000c5a00000, 0x00000000c5a00000, 0x00000000c5b00000|  0%| F|  |TAMS 0x00000000c5a00000, 0x00000000c5a00000| Untracked 
|  37|0x00000000c5b00000, 0x00000000c5b00000, 0x00000000c5c00000|  0%| F|  |TAMS 0x00000000c5b00000, 0x00000000c5b00000| Untracked 
|  38|0x00000000c5c00000, 0x00000000c5c00000, 0x00000000c5d00000|  0%| F|  |TAMS 0x00000000c5c00000, 0x00000000c5c00000| Untracked 
|  39|0x00000000c5d00000, 0x00000000c5d00000, 0x00000000c5e00000|  0%| F|  |TAMS 0x00000000c5d00000, 0x00000000c5d00000| Untracked 
|  40|0x00000000c5e00000, 0x00000000c5e00000, 0x00000000c5f00000|  0%| F|  |TAMS 0x00000000c5e00000, 0x00000000c5e00000| Untracked 
|  41|0x00000000c5f00000, 0x00000000c5fb1b70, 0x00000000c6000000| 69%| S|CS|TAMS 0x00000000c5f00000, 0x00000000c5f00000| Complete 
|  42|0x00000000c6000000, 0x00000000c6100000, 0x00000000c6100000|100%| S|CS|TAMS 0x00000000c6000000, 0x00000000c6000000| Complete 
|  43|0x00000000c6100000, 0x00000000c6100000, 0x00000000c6200000|  0%| F|  |TAMS 0x00000000c6100000, 0x00000000c6100000| Untracked 
|  44|0x00000000c6200000, 0x00000000c6200000, 0x00000000c6300000|  0%| F|  |TAMS 0x00000000c6200000, 0x00000000c6200000| Untracked 
|  45|0x00000000c6300000, 0x00000000c6300000, 0x00000000c6400000|  0%| F|  |TAMS 0x00000000c6300000, 0x00000000c6300000| Untracked 
|  46|0x00000000c6400000, 0x00000000c6400000, 0x00000000c6500000|  0%| F|  |TAMS 0x00000000c6400000, 0x00000000c6400000| Untracked 
|  47|0x00000000c6500000, 0x00000000c6600000, 0x00000000c6600000|100%| E|  |TAMS 0x00000000c6500000, 0x00000000c6500000| Complete 
|  48|0x00000000c6600000, 0x00000000c6700000, 0x00000000c6700000|100%| E|CS|TAMS 0x00000000c6600000, 0x00000000c6600000| Complete 
|  49|0x00000000c6700000, 0x00000000c6800000, 0x00000000c6800000|100%| E|CS|TAMS 0x00000000c6700000, 0x00000000c6700000| Complete 
|  50|0x00000000c6800000, 0x00000000c6900000, 0x00000000c6900000|100%| E|CS|TAMS 0x00000000c6800000, 0x00000000c6800000| Complete 
|  51|0x00000000c6900000, 0x00000000c6a00000, 0x00000000c6a00000|100%| E|CS|TAMS 0x00000000c6900000, 0x00000000c6900000| Complete 
|  52|0x00000000c6a00000, 0x00000000c6b00000, 0x00000000c6b00000|100%| E|CS|TAMS 0x00000000c6a00000, 0x00000000c6a00000| Complete 
|  53|0x00000000c6b00000, 0x00000000c6c00000, 0x00000000c6c00000|100%| E|CS|TAMS 0x00000000c6b00000, 0x00000000c6b00000| Complete 
|  54|0x00000000c6c00000, 0x00000000c6d00000, 0x00000000c6d00000|100%| E|CS|TAMS 0x00000000c6c00000, 0x00000000c6c00000| Complete 
|  55|0x00000000c6d00000, 0x00000000c6e00000, 0x00000000c6e00000|100%| E|CS|TAMS 0x00000000c6d00000, 0x00000000c6d00000| Complete 
|  56|0x00000000c6e00000, 0x00000000c6f00000, 0x00000000c6f00000|100%| E|CS|TAMS 0x00000000c6e00000, 0x00000000c6e00000| Complete 
|  57|0x00000000c6f00000, 0x00000000c7000000, 0x00000000c7000000|100%| E|CS|TAMS 0x00000000c6f00000, 0x00000000c6f00000| Complete 
|  58|0x00000000c7000000, 0x00000000c7100000, 0x00000000c7100000|100%| E|CS|TAMS 0x00000000c7000000, 0x00000000c7000000| Complete 
|  59|0x00000000c7100000, 0x00000000c7200000, 0x00000000c7200000|100%| E|CS|TAMS 0x00000000c7100000, 0x00000000c7100000| Complete 
|  60|0x00000000c7200000, 0x00000000c7300000, 0x00000000c7300000|100%| E|CS|TAMS 0x00000000c7200000, 0x00000000c7200000| Complete 
|  61|0x00000000c7300000, 0x00000000c7400000, 0x00000000c7400000|100%| E|CS|TAMS 0x00000000c7300000, 0x00000000c7300000| Complete 

Card table byte_map: [0x000001766d150000,0x000001766d340000] _byte_map_base: 0x000001766cb35000

Marking Bits (Prev, Next): (CMBitMap*) 0x000001765aad4600, (CMBitMap*) 0x000001765aad4640
 Prev Bits: [0x000001766d530000, 0x000001766e458000)
 Next Bits: [0x000001766e460000, 0x000001766f388000)

Polling page: 0x000001765a260000

Metaspace:

Usage:
  Non-class:     16.22 MB used.
      Class:      1.87 MB used.
       Both:     18.09 MB used.

Virtual space:
  Non-class space:       24.00 MB reserved,      16.31 MB ( 68%) committed,  3 nodes.
      Class space:        1.00 GB reserved,       1.94 MB ( <1%) committed,  1 nodes.
             Both:        1.02 GB reserved,      18.25 MB (  2%) committed. 

Chunk freelists:
   Non-Class:  3.17 MB
       Class:  1.91 MB
        Both:  5.08 MB

MaxMetaspaceSize: unlimited
CompressedClassSpaceSize: 1.00 GB
Initial GC threshold: 21.00 MB
Current GC threshold: 21.00 MB
CDS: off
MetaspaceReclaimPolicy: balanced
 - commit_granule_bytes: 65536.
 - commit_granule_words: 8192.
 - virtual_space_node_default_size: 1048576.
 - enlarge_chunks_in_place: 1.
 - new_chunks_are_fully_committed: 0.
 - uncommit_free_chunks: 1.
 - use_allocation_guard: 0.
 - handle_deallocations: 1.


Internal statistics:

num_allocs_failed_limit: 0.
num_arena_births: 120.
num_arena_deaths: 0.
num_vsnodes_births: 4.
num_vsnodes_deaths: 0.
num_space_committed: 292.
num_space_uncommitted: 0.
num_chunks_returned_to_freelist: 0.
num_chunks_taken_from_freelist: 483.
num_chunk_merges: 0.
num_chunk_splits: 383.
num_chunks_enlarged: 324.
num_purges: 0.
num_inconsistent_stats: 0.

CodeHeap 'non-profiled nmethods': size=120000Kb used=491Kb max_used=491Kb free=119508Kb
 bounds [0x0000017665a30000, 0x0000017665ca0000, 0x000001766cf60000]
CodeHeap 'profiled nmethods': size=120000Kb used=3190Kb max_used=3190Kb free=116809Kb
 bounds [0x000001765df60000, 0x000001765e280000, 0x0000017665490000]
CodeHeap 'non-nmethods': size=5760Kb used=1184Kb max_used=1202Kb free=4575Kb
 bounds [0x0000017665490000, 0x0000017665700000, 0x0000017665a30000]
 total_blobs=2118 nmethods=1635 adapters=396
 compilation: enabled
              stopped_count=0, restarted_count=0
 full_count=0

Compilation events (20 events):
Event: 4.550 Thread 0x00000176718abbe0 1622       3       java.util.Optional::empty (6 bytes)
Event: 4.551 Thread 0x00000176718abbe0 nmethod 1622 0x000001765e27b890 code [0x000001765e27ba20, 0x000001765e27bb18]
Event: 4.551 Thread 0x00000176718abbe0 1626       3       jdk.internal.loader.BuiltinClassLoader::hasClassPath (13 bytes)
Event: 4.551 Thread 0x00000176718abbe0 nmethod 1626 0x000001765e27bb90 code [0x000001765e27bd20, 0x000001765e27be98]
Event: 4.551 Thread 0x00000176718abbe0 1623       3       java.util.concurrent.ConcurrentHashMap$ValueIterator::next (34 bytes)
Event: 4.551 Thread 0x00000176718abbe0 nmethod 1623 0x000001765e27bf10 code [0x000001765e27c0c0, 0x000001765e27c378]
Event: 4.551 Thread 0x00000176718abbe0 1627       3       java.net.URI::match (56 bytes)
Event: 4.551 Thread 0x00000176718abbe0 nmethod 1627 0x000001765e27c490 code [0x000001765e27c640, 0x000001765e27c938]
Event: 4.552 Thread 0x00000176718ab140 1628       4       java.util.Arrays::copyOf (19 bytes)
Event: 4.554 Thread 0x00000176718ab140 nmethod 1628 0x0000017665aa8e90 code [0x0000017665aa9020, 0x0000017665aa92f8]
Event: 4.947 Thread 0x00000176718ab140 1631   !   4       java.lang.ref.ReferenceQueue::poll (28 bytes)
Event: 4.950 Thread 0x00000176718abbe0 1632       3       java.lang.invoke.LambdaForm::uncustomize (57 bytes)
Event: 4.951 Thread 0x00000176718abbe0 nmethod 1632 0x000001765e27ca10 code [0x000001765e27cbc0, 0x000001765e27cec8]
Event: 4.951 Thread 0x00000176718abbe0 1633       3       java.lang.invoke.MethodType$ConcurrentWeakInternSet::expungeStaleElements (27 bytes)
Event: 4.952 Thread 0x00000176718abbe0 nmethod 1633 0x000001765e27d010 code [0x000001765e27d1e0, 0x000001765e27d6b8]
Event: 4.953 Thread 0x00000176718ab140 nmethod 1631 0x0000017665aa9a10 code [0x0000017665aa9ba0, 0x0000017665aa9e68]
Event: 5.051 Thread 0x00000176718ab140 1634  s!   4       jdk.internal.loader.URLClassPath::getLoader (194 bytes)
Event: 5.068 Thread 0x00000176718ab140 nmethod 1634 0x0000017665aa9f90 code [0x0000017665aaa140, 0x0000017665aaa888]
Event: 5.072 Thread 0x00000176718ab140 1635   !   4       jdk.internal.loader.URLClassPath$JarLoader::ensureOpen (36 bytes)
Event: 5.073 Thread 0x00000176718ab140 nmethod 1635 0x0000017665aaac10 code [0x0000017665aaad80, 0x0000017665aaae18]

GC Heap History (4 events):
Event: 2.806 GC heap before
{Heap before GC invocations=0 (full 0):
 garbage-first heap   total 63488K, used 17408K [0x00000000c3600000, 0x0000000100000000)
  region size 1024K, 13 young (13312K), 0 survivors (0K)
 Metaspace       used 10472K, committed 10624K, reserved 1064960K
  class space    used 904K, committed 1024K, reserved 1048576K
}
Event: 2.814 GC heap after
{Heap after GC invocations=1 (full 0):
 garbage-first heap   total 63488K, used 6228K [0x00000000c3600000, 0x0000000100000000)
  region size 1024K, 2 young (2048K), 2 survivors (2048K)
 Metaspace       used 10472K, committed 10624K, reserved 1064960K
  class space    used 904K, committed 1024K, reserved 1048576K
}
Event: 3.608 GC heap before
{Heap before GC invocations=1 (full 0):
 garbage-first heap   total 63488K, used 23636K [0x00000000c3600000, 0x0000000100000000)
  region size 1024K, 19 young (19456K), 2 survivors (2048K)
 Metaspace       used 14653K, committed 14784K, reserved 1064960K
  class space    used 1453K, committed 1536K, reserved 1048576K
}
Event: 3.617 GC heap after
{Heap after GC invocations=2 (full 0):
 garbage-first heap   total 63488K, used 7924K [0x00000000c3600000, 0x0000000100000000)
  region size 1024K, 2 young (2048K), 2 survivors (2048K)
 Metaspace       used 14653K, committed 14784K, reserved 1064960K
  class space    used 1453K, committed 1536K, reserved 1048576K
}

Dll operation events (2 events):
Event: 0.025 Loaded shared library C:\Program Files\Android\Android Studio\jbr\bin\java.dll
Event: 4.878 Loaded shared library C:\Program Files\Android\Android Studio\jbr\bin\verify.dll

Deoptimization events (20 events):
Event: 3.408 Thread 0x000001765aa981a0 DEOPT PACKING pc=0x0000017665a58e18 sp=0x000000194b2fc480
Event: 3.408 Thread 0x000001765aa981a0 DEOPT UNPACKING pc=0x00000176654e69a3 sp=0x000000194b2fc408 mode 2
Event: 3.626 Thread 0x000001765aa981a0 Uncommon trap: trap_request=0xffffff45 fr.pc=0x0000017665a67310 relative=0x0000000000000550
Event: 3.626 Thread 0x000001765aa981a0 Uncommon trap: reason=unstable_if action=reinterpret pc=0x0000017665a67310 method=java.util.ArrayList.grow(I)[Ljava/lang/Object; @ 17 c2
Event: 3.626 Thread 0x000001765aa981a0 DEOPT PACKING pc=0x0000017665a67310 sp=0x000000194b2fdcb0
Event: 3.626 Thread 0x000001765aa981a0 DEOPT UNPACKING pc=0x00000176654e69a3 sp=0x000000194b2fdb38 mode 2
Event: 3.705 Thread 0x000001765aa981a0 Uncommon trap: trap_request=0xffffffc6 fr.pc=0x0000017665a6011c relative=0x000000000000051c
Event: 3.705 Thread 0x000001765aa981a0 Uncommon trap: reason=bimorphic_or_optimized_type_check action=maybe_recompile pc=0x0000017665a6011c method=kotlin.reflect.jvm.internal.impl.protobuf.CodedInputStream.tryRefillBuffer(I)Z @ 175 c2
Event: 3.705 Thread 0x000001765aa981a0 DEOPT PACKING pc=0x0000017665a6011c sp=0x000000194b2fbc30
Event: 3.705 Thread 0x000001765aa981a0 DEOPT UNPACKING pc=0x00000176654e69a3 sp=0x000000194b2fbb18 mode 2
Event: 3.899 Thread 0x000001765aa981a0 Uncommon trap: trap_request=0xffffff45 fr.pc=0x0000017665a51bd4 relative=0x00000000000002b4
Event: 3.899 Thread 0x000001765aa981a0 Uncommon trap: reason=unstable_if action=reinterpret pc=0x0000017665a51bd4 method=java.lang.String.startsWith(Ljava/lang/String;I)Z @ 14 c2
Event: 3.899 Thread 0x000001765aa981a0 DEOPT PACKING pc=0x0000017665a51bd4 sp=0x000000194b2fcb10
Event: 3.899 Thread 0x000001765aa981a0 DEOPT UNPACKING pc=0x00000176654e69a3 sp=0x000000194b2fca70 mode 2
Event: 4.031 Thread 0x000001765aa981a0 DEOPT PACKING pc=0x000001765e1e85b4 sp=0x000000194b2fe000
Event: 4.031 Thread 0x000001765aa981a0 DEOPT UNPACKING pc=0x00000176654e7143 sp=0x000000194b2fd5d0 mode 0
Event: 4.287 Thread 0x000001765aa981a0 Uncommon trap: trap_request=0xffffff45 fr.pc=0x0000017665a7e1d4 relative=0x00000000000000b4
Event: 4.287 Thread 0x000001765aa981a0 Uncommon trap: reason=unstable_if action=reinterpret pc=0x0000017665a7e1d4 method=java.lang.Integer.valueOf(I)Ljava/lang/Integer; @ 3 c2
Event: 4.287 Thread 0x000001765aa981a0 DEOPT PACKING pc=0x0000017665a7e1d4 sp=0x000000194b2fcbb0
Event: 4.287 Thread 0x000001765aa981a0 DEOPT UNPACKING pc=0x00000176654e69a3 sp=0x000000194b2fcb48 mode 2

Classes unloaded (0 events):
No events

Classes redefined (0 events):
No events

Internal exceptions (12 events):
Event: 3.957 Thread 0x000001765aa981a0 Exception <a 'java/lang/NoSuchMethodError'{0x00000000c6d77710}: 'java.lang.Object java.lang.invoke.DirectMethodHandle$Holder.newInvokeSpecial(java.lang.Object, java.lang.Object, java.lang.Object, java.lang.Object, java.lang.Object)'> (0x00000000c6d77710) 
thrown [s\src\hotspot\share\interpreter\linkResolver.cpp, line 771]
Event: 4.148 Thread 0x000001765aa981a0 Exception <a 'java/lang/NoSuchMethodError'{0x00000000c69475d0}: 'int java.lang.invoke.DelegatingMethodHandle$Holder.reinvoke_L(java.lang.Object, java.lang.Object, java.lang.Object, long, int, int)'> (0x00000000c69475d0) 
thrown [s\src\hotspot\share\interpreter\linkResolver.cpp, line 771]
Event: 4.155 Thread 0x000001765aa981a0 Exception <a 'java/lang/NoSuchMethodError'{0x00000000c69569d8}: 'int java.lang.invoke.DelegatingMethodHandle$Holder.reinvoke_L(java.lang.Object, java.lang.Object, java.lang.Object, long, long, long)'> (0x00000000c69569d8) 
thrown [s\src\hotspot\share\interpreter\linkResolver.cpp, line 771]
Event: 4.165 Thread 0x000001765aa981a0 Exception <a 'java/lang/NoSuchMethodError'{0x00000000c6965618}: 'int java.lang.invoke.DelegatingMethodHandle$Holder.reinvoke_L(java.lang.Object, java.lang.Object, java.lang.Object, long, java.lang.Object, java.lang.Object)'> (0x00000000c6965618) 
thrown [s\src\hotspot\share\interpreter\linkResolver.cpp, line 771]
Event: 4.172 Thread 0x000001765aa981a0 Exception <a 'java/lang/NoSuchMethodError'{0x00000000c6974198}: 'void java.lang.invoke.DelegatingMethodHandle$Holder.reinvoke_L(java.lang.Object, java.lang.Object, java.lang.Object, long, java.lang.Object)'> (0x00000000c6974198) 
thrown [s\src\hotspot\share\interpreter\linkResolver.cpp, line 771]
Event: 4.187 Thread 0x000001765aa981a0 Exception <a 'java/lang/NoSuchMethodError'{0x00000000c697bdd0}: 'java.lang.Object java.lang.invoke.DirectMethodHandle$Holder.invokeSpecial(java.lang.Object, java.lang.Object, java.lang.Object, java.lang.Object, long)'> (0x00000000c697bdd0) 
thrown [s\src\hotspot\share\interpreter\linkResolver.cpp, line 771]
Event: 4.206 Thread 0x000001765aa981a0 Exception <a 'java/lang/NoSuchMethodError'{0x00000000c6994b38}: 'long java.lang.invoke.Invokers$Holder.invoke_MT(java.lang.Object, java.lang.Object, java.lang.Object, java.lang.Object)'> (0x00000000c6994b38) 
thrown [s\src\hotspot\share\interpreter\linkResolver.cpp, line 771]
Event: 4.211 Thread 0x000001765aa981a0 Exception <a 'java/lang/NoSuchMethodError'{0x00000000c69a0358}: 'int java.lang.invoke.DirectMethodHandle$Holder.invokeSpecial(java.lang.Object, java.lang.Object, java.lang.Object)'> (0x00000000c69a0358) 
thrown [s\src\hotspot\share\interpreter\linkResolver.cpp, line 771]
Event: 4.212 Thread 0x000001765aa981a0 Exception <a 'java/lang/NoSuchMethodError'{0x00000000c69a4388}: 'int java.lang.invoke.DirectMethodHandle$Holder.invokeSpecial(java.lang.Object, java.lang.Object, java.lang.Object, java.lang.Object)'> (0x00000000c69a4388) 
thrown [s\src\hotspot\share\interpreter\linkResolver.cpp, line 771]
Event: 4.213 Thread 0x000001765aa981a0 Exception <a 'java/lang/NoSuchMethodError'{0x00000000c69a79f0}: 'int java.lang.invoke.Invokers$Holder.invoke_MT(java.lang.Object, java.lang.Object, java.lang.Object, java.lang.Object)'> (0x00000000c69a79f0) 
thrown [s\src\hotspot\share\interpreter\linkResolver.cpp, line 771]
Event: 4.216 Thread 0x000001765aa981a0 Exception <a 'java/lang/NoSuchMethodError'{0x00000000c69b7610}: 'int java.lang.invoke.DelegatingMethodHandle$Holder.reinvoke_L(java.lang.Object, java.lang.Object, java.lang.Object, long, int)'> (0x00000000c69b7610) 
thrown [s\src\hotspot\share\interpreter\linkResolver.cpp, line 771]
Event: 4.948 Thread 0x000001765aa981a0 Exception <a 'java/lang/NoSuchMethodError'{0x00000000c6522138}: 'java.lang.Object java.lang.invoke.DirectMethodHandle$Holder.invokeStaticInit(java.lang.Object)'> (0x00000000c6522138) 
thrown [s\src\hotspot\share\interpreter\linkResolver.cpp, line 771]

VM Operations (20 events):
Event: 0.906 Executing VM operation: HandshakeAllThreads
Event: 0.906 Executing VM operation: HandshakeAllThreads done
Event: 1.910 Executing VM operation: Cleanup
Event: 1.910 Executing VM operation: Cleanup done
Event: 2.760 Executing VM operation: HandshakeAllThreads
Event: 2.760 Executing VM operation: HandshakeAllThreads done
Event: 2.806 Executing VM operation: G1CollectForAllocation
Event: 2.814 Executing VM operation: G1CollectForAllocation done
Event: 3.377 Executing VM operation: HandshakeAllThreads
Event: 3.377 Executing VM operation: HandshakeAllThreads done
Event: 3.608 Executing VM operation: G1CollectForAllocation
Event: 3.618 Executing VM operation: G1CollectForAllocation done
Event: 4.028 Executing VM operation: ICBufferFull
Event: 4.028 Executing VM operation: ICBufferFull done
Event: 4.031 Executing VM operation: HandshakeAllThreads
Event: 4.031 Executing VM operation: HandshakeAllThreads done
Event: 4.451 Executing VM operation: HandshakeAllThreads
Event: 4.451 Executing VM operation: HandshakeAllThreads done
Event: 4.924 Executing VM operation: HandshakeAllThreads
Event: 4.924 Executing VM operation: HandshakeAllThreads done

Events (20 events):
Event: 4.547 loading class java/util/regex/Pattern$SliceS
Event: 4.547 loading class java/util/regex/Pattern$SliceS done
Event: 4.549 loading class java/net/URISyntaxException
Event: 4.549 loading class java/net/URISyntaxException done
Event: 4.560 loading class java/util/Spliterators$IteratorSpliterator
Event: 4.562 loading class java/util/Spliterators$IteratorSpliterator done
Event: 4.562 loading class java/util/stream/MatchOps$MatchKind
Event: 4.565 loading class java/util/stream/MatchOps$MatchKind done
Event: 4.565 loading class java/util/stream/MatchOps
Event: 4.565 loading class java/util/stream/MatchOps done
Event: 4.565 loading class java/util/stream/MatchOps$MatchOp
Event: 4.565 loading class java/util/stream/MatchOps$MatchOp done
Event: 4.565 loading class java/util/stream/MatchOps$BooleanTerminalSink
Event: 4.566 loading class java/util/stream/MatchOps$BooleanTerminalSink done
Event: 4.566 loading class java/util/stream/MatchOps$1MatchSink
Event: 4.598 loading class java/util/stream/MatchOps$1MatchSink done
Event: 4.678 loading class java/lang/CloneNotSupportedException
Event: 4.678 loading class java/lang/CloneNotSupportedException done
Event: 4.952 loading class java/lang/ThreadLocal$SuppliedThreadLocal
Event: 4.952 loading class java/lang/ThreadLocal$SuppliedThreadLocal done


Dynamic libraries:
0x00007ff7b9a60000 - 0x00007ff7b9a6a000 	C:\Program Files\Android\Android Studio\jbr\bin\java.exe
0x00007ffdde4d0000 - 0x00007ffdde6e7000 	C:\WINDOWS\SYSTEM32\ntdll.dll
0x00007ffddc700000 - 0x00007ffddc7c4000 	C:\WINDOWS\System32\KERNEL32.DLL
0x00007ffddbaa0000 - 0x00007ffddbe45000 	C:\WINDOWS\System32\KERNELBASE.dll
0x00007ffddb840000 - 0x00007ffddb951000 	C:\WINDOWS\System32\ucrtbase.dll
0x00007ffdb3600000 - 0x00007ffdb361b000 	C:\Program Files\Android\Android Studio\jbr\bin\VCRUNTIME140.dll
0x00007ffdc13f0000 - 0x00007ffdc1407000 	C:\Program Files\Android\Android Studio\jbr\bin\jli.dll
0x00007ffddcfc0000 - 0x00007ffddd16e000 	C:\WINDOWS\System32\USER32.dll
0x00007ffddbfc0000 - 0x00007ffddbfe6000 	C:\WINDOWS\System32\win32u.dll
0x00007ffddcf80000 - 0x00007ffddcfa9000 	C:\WINDOWS\System32\GDI32.dll
0x00007ffddc100000 - 0x00007ffddc219000 	C:\WINDOWS\System32\gdi32full.dll
0x00007ffddc060000 - 0x00007ffddc0fa000 	C:\WINDOWS\System32\msvcp_win.dll
0x00007ffdb4d90000 - 0x00007ffdb5023000 	C:\WINDOWS\WinSxS\amd64_microsoft.windows.common-controls_6595b64144ccf1df_6.0.22621.2506_none_270c5ae97388e100\COMCTL32.dll
0x00007ffddcb60000 - 0x00007ffddcc07000 	C:\WINDOWS\System32\msvcrt.dll
0x00007ffdde370000 - 0x00007ffdde3a1000 	C:\WINDOWS\System32\IMM32.DLL
0x00007ffdbe980000 - 0x00007ffdbe98c000 	C:\Program Files\Android\Android Studio\jbr\bin\vcruntime140_1.dll
0x00007ffd8fa40000 - 0x00007ffd8facd000 	C:\Program Files\Android\Android Studio\jbr\bin\msvcp140.dll
0x00007ffd883d0000 - 0x00007ffd8903e000 	C:\Program Files\Android\Android Studio\jbr\bin\server\jvm.dll
0x00007ffddce30000 - 0x00007ffddcee1000 	C:\WINDOWS\System32\ADVAPI32.dll
0x00007ffddcd80000 - 0x00007ffddce26000 	C:\WINDOWS\System32\sechost.dll
0x00007ffddd440000 - 0x00007ffddd557000 	C:\WINDOWS\System32\RPCRT4.dll
0x00007ffdd55f0000 - 0x00007ffdd5624000 	C:\WINDOWS\SYSTEM32\WINMM.dll
0x00007ffdd2ff0000 - 0x00007ffdd2ff9000 	C:\WINDOWS\SYSTEM32\WSOCK32.dll
0x00007ffdc9d50000 - 0x00007ffdc9d5a000 	C:\WINDOWS\SYSTEM32\VERSION.dll
0x00007ffddd2c0000 - 0x00007ffddd331000 	C:\WINDOWS\System32\WS2_32.dll
0x00007ffdda820000 - 0x00007ffdda838000 	C:\WINDOWS\SYSTEM32\kernel.appcore.dll
0x00007ffdd2fe0000 - 0x00007ffdd2fea000 	C:\Program Files\Android\Android Studio\jbr\bin\jimage.dll
0x00007ffdd6230000 - 0x00007ffdd6463000 	C:\WINDOWS\SYSTEM32\DBGHELP.DLL
0x00007ffddd560000 - 0x00007ffddd8e9000 	C:\WINDOWS\System32\combase.dll
0x00007ffdde3b0000 - 0x00007ffdde487000 	C:\WINDOWS\System32\OLEAUT32.dll
0x00007ffdc2300000 - 0x00007ffdc2332000 	C:\WINDOWS\SYSTEM32\dbgcore.DLL
0x00007ffddb960000 - 0x00007ffddb9da000 	C:\WINDOWS\System32\bcryptPrimitives.dll
0x00007ffdc1600000 - 0x00007ffdc1625000 	C:\Program Files\Android\Android Studio\jbr\bin\java.dll
0x00007ffdc1880000 - 0x00007ffdc1898000 	C:\Program Files\Android\Android Studio\jbr\bin\zip.dll
0x00007ffddd970000 - 0x00007ffdde1c9000 	C:\WINDOWS\System32\SHELL32.dll
0x00007ffdd9710000 - 0x00007ffdda004000 	C:\WINDOWS\SYSTEM32\windows.storage.dll
0x00007ffdd95d0000 - 0x00007ffdd970e000 	C:\WINDOWS\SYSTEM32\wintypes.dll
0x00007ffddcc30000 - 0x00007ffddcd23000 	C:\WINDOWS\System32\SHCORE.dll
0x00007ffddc890000 - 0x00007ffddc8ee000 	C:\WINDOWS\System32\shlwapi.dll
0x00007ffddb770000 - 0x00007ffddb796000 	C:\WINDOWS\SYSTEM32\profapi.dll
0x00007ffdc1840000 - 0x00007ffdc1859000 	C:\Program Files\Android\Android Studio\jbr\bin\net.dll
0x00007ffdd51b0000 - 0x00007ffdd52e7000 	C:\WINDOWS\SYSTEM32\WINHTTP.dll
0x00007ffddad30000 - 0x00007ffddad99000 	C:\WINDOWS\system32\mswsock.dll
0x00007ffdc1800000 - 0x00007ffdc1816000 	C:\Program Files\Android\Android Studio\jbr\bin\nio.dll
0x00007ffdd2f00000 - 0x00007ffdd2f10000 	C:\Program Files\Android\Android Studio\jbr\bin\verify.dll

dbghelp: loaded successfully - version: 4.0.5 - missing functions: none
symbol engine: initialized successfully - sym options: 0x614 - pdb path: .;C:\Program Files\Android\Android Studio\jbr\bin;C:\WINDOWS\SYSTEM32;C:\WINDOWS\WinSxS\amd64_microsoft.windows.common-controls_6595b64144ccf1df_6.0.22621.2506_none_270c5ae97388e100;C:\Program Files\Android\Android Studio\jbr\bin\server

VM Arguments:
java_command: org.jetbrains.kotlin.cli.jvm.K2JVMCompiler @C:\Users\Crystal\AndroidStudioProjects\PlacesFamilyApp\app\build\20231119_11389341129904145246.compiler.options
java_class_path (initial): C:\Users\Crystal\.gradle\caches\modules-2\files-2.1\org.jetbrains.kotlin\kotlin-compiler-embeddable\1.8.10\b0757fd774344d54ce93f5ad6c30ba1c1731c8ff\kotlin-compiler-embeddable-1.8.10.jar;C:\Users\Crystal\.gradle\caches\modules-2\files-2.1\org.jetbrains.kotlin\kotlin-stdlib\1.8.10\6d5560a229477df9406943d5feda5618e98eb64c\kotlin-stdlib-1.8.10.jar;C:\Users\Crystal\.gradle\caches\modules-2\files-2.1\org.jetbrains.kotlin\kotlin-script-runtime\1.8.10\b13ea9c7e46d589139e56086a878763290e20bd5\kotlin-script-runtime-1.8.10.jar;C:\Users\Crystal\.gradle\caches\modules-2\files-2.1\org.jetbrains.kotlin\kotlin-reflect\1.6.10\1cbe9c92c12a94eea200d23c2bbaedaf3daf5132\kotlin-reflect-1.6.10.jar;C:\Users\Crystal\.gradle\caches\modules-2\files-2.1\org.jetbrains.kotlin\kotlin-daemon-embeddable\1.8.10\ad8541d9bc1cf9e52c3204161247910c2cf601d4\kotlin-daemon-embeddable-1.8.10.jar;C:\Users\Crystal\.gradle\caches\modules-2\files-2.1\org.jetbrains.intellij.deps\trove4j\1.0.20200330\3afb14d5f9ceb459d724e907a21145e8ff394f02\trove4j-1.0.20200330.jar;C:\Users\Crystal\.gradle\caches\modules-2\files-2.1\net.java.dev.jna\jna\5.6.0\330f2244e9030119ab3030fc3fededc86713d9cc\jna-5.6.0.jar;C:\Users\Crystal\.gradle\caches\modules-2\files-2.1\org.jetbrains.kotlin\kotlin-stdlib-common\1.8.10\a61b182458550492c12aee66157d7b524a63a5ec\kotlin-stdlib-common-1.8.10.jar;C:\Users\Crystal\.gradle\caches\modules-2\files-2.1\org.jetbrains\annotations\13.0\919f0dfe192fb4e063e7dacadee7f8bb9a2672a9\annotations-13.0.jar
Launcher Type: SUN_STANDARD

[Global flags]
     intx CICompilerCount                          = 3                                         {product} {ergonomic}
     uint ConcGCThreads                            = 1                                         {product} {ergonomic}
     uint G1ConcRefinementThreads                  = 4                                         {product} {ergonomic}
   size_t G1HeapRegionSize                         = 1048576                                   {product} {ergonomic}
    uintx GCDrainStackTargetSize                   = 64                                        {product} {ergonomic}
   size_t InitialHeapSize                          = 65011712                                  {product} {ergonomic}
   size_t MarkStackSize                            = 4194304                                   {product} {ergonomic}
   size_t MaxHeapSize                              = 1017118720                                {product} {ergonomic}
   size_t MaxNewSize                               = 610271232                                 {product} {ergonomic}
   size_t MinHeapDeltaBytes                        = 1048576                                   {product} {ergonomic}
   size_t MinHeapSize                              = 8388608                                   {product} {ergonomic}
    uintx NonNMethodCodeHeapSize                   = 5832780                                {pd product} {ergonomic}
    uintx NonProfiledCodeHeapSize                  = 122912730                              {pd product} {ergonomic}
    uintx ProfiledCodeHeapSize                     = 122912730                              {pd product} {ergonomic}
    uintx ReservedCodeCacheSize                    = 251658240                              {pd product} {ergonomic}
     bool SegmentedCodeCache                       = true                                      {product} {ergonomic}
   size_t SoftMaxHeapSize                          = 1017118720                             {manageable} {ergonomic}
     bool UseCompressedClassPointers               = true                           {product lp64_product} {ergonomic}
     bool UseCompressedOops                        = true                           {product lp64_product} {ergonomic}
     bool UseG1GC                                  = true                                      {product} {ergonomic}
     bool UseLargePagesIndividualAllocation        = false                                  {pd product} {ergonomic}

Logging:
Log output configuration:
 #0: stdout all=warning uptime,level,tags
 #1: stderr all=off uptime,level,tags

Environment Variables:
PATH=C:\Python311\Scripts\;C:\Python311\;C:\WINDOWS\system32;C:\WINDOWS;C:\WINDOWS\System32\Wbem;C:\WINDOWS\System32\WindowsPowerShell\v1.0\;C:\WINDOWS\System32\OpenSSH\;C:\Program Files\dotnet\;C:\Program Files\Git\cmd;C:\ProgramData\chocolatey\bin;C:\Users\Crystal\AppData\Roaming\nvm;C:\Program Files\nodejs;C:\Program Files\MySQL\MySQL Server 8.0\bin;C:\Program Files\MySQL\MySQL Shell 8.0\bin\;C:\Users\Crystal\AppData\Local\Microsoft\WindowsApps;C:\Users\Crystal\AppData\Local\Programs\Microsoft VS Code\bin;C:\Users\Crystal\AppData\Local\GitHubDesktop\bin;C:\Users\Crystal\AppData\Roaming\npm;C:\Users\Crystal\AppData\Roaming\nvm;C:\Program Files\nodejs;C:\Program Files\heroku\bin
USERNAME=Crystal
OS=Windows_NT
PROCESSOR_IDENTIFIER=Intel64 Family 6 Model 142 Stepping 12, GenuineIntel
TMP=C:\Users\Crystal\AppData\Local\Temp
TEMP=C:\Users\Crystal\AppData\Local\Temp


JNI global refs:
JNI global refs: 7, weak refs: 0

JNI global refs memory usage: 843, weak refs: 841


---------------  S Y S T E M  ---------------

OS:
 Windows 11 , 64 bit Build 22621 (10.0.22621.2506)
OS uptime: 2 days 2:47 hours
Hyper-V role detected

CPU: total 4 (initial active 4) (2 cores per cpu, 2 threads per core) family 6 model 142 stepping 12 microcode 0xea, cx8, cmov, fxsr, ht, mmx, 3dnowpref, sse, sse2, sse3, ssse3, sse4.1, sse4.2, popcnt, lzcnt, tsc, tscinvbit, avx, avx2, aes, erms, clmul, bmi1, bmi2, adx, fma, vzeroupper, clflush, clflushopt, hv

Memory: 4k page, system-wide physical 3879M (17M free)
TotalPageFile size 15655M (AvailPageFile size 0M)
current process WorkingSet (physical memory assigned to process): 82M, peak: 82M
current process commit charge ("private bytes"): 149M, peak: 149M

vm_info: OpenJDK 64-Bit Server VM (17.0.6+0-b2043.56-10027231) for windows-amd64 JRE (17.0.6+0-b2043.56-10027231), built on Apr 28 2023 00:43:19 by "androidbuild" with MS VC++ 16.10 / 16.11 (VS2019)

END.
